2022-03-01 15:24:24.5832|0|DEBUG|SonicaWebAdmin.Program|Запуск приложения 
2022-03-01 15:24:25.4629|0|INFO|Microsoft.Hosting.Lifetime|Now listening on: https://localhost:5001 
2022-03-01 15:24:25.4731|0|INFO|Microsoft.Hosting.Lifetime|Now listening on: http://localhost:5000 
2022-03-01 15:24:25.4731|0|INFO|Microsoft.Hosting.Lifetime|Application started. Press Ctrl+C to shut down. 
2022-03-01 15:24:25.4731|0|INFO|Microsoft.Hosting.Lifetime|Hosting environment: Development 
2022-03-01 15:24:25.4731|0|INFO|Microsoft.Hosting.Lifetime|Content root path: C:\Users\bla\source\repos\SonicaWebAdmin\SonicaWebAdmin 
2022-03-01 15:24:26.0829|0|INFO|SonicaWebAdmin.Startup|Время ответа(мс)[72] 
2022-03-01 15:24:32.2791|0|INFO|SonicaWebAdmin.Controllers.ValuesController|restart 
2022-03-01 15:24:32.2844|0|INFO|SonicaWebAdmin.Startup|Время ответа(мс)[31] 
2022-03-01 15:24:46.4012|0|DEBUG|SonicaWebAdmin.Program|Запуск приложения 
2022-03-01 15:24:47.3038|0|INFO|Microsoft.Hosting.Lifetime|Now listening on: https://localhost:5001 
2022-03-01 15:24:47.3038|0|INFO|Microsoft.Hosting.Lifetime|Now listening on: http://localhost:5000 
2022-03-01 15:24:47.3171|0|INFO|Microsoft.Hosting.Lifetime|Application started. Press Ctrl+C to shut down. 
2022-03-01 15:24:47.3171|0|INFO|Microsoft.Hosting.Lifetime|Hosting environment: Development 
2022-03-01 15:24:47.3171|0|INFO|Microsoft.Hosting.Lifetime|Content root path: C:\Users\bla\source\repos\SonicaWebAdmin\SonicaWebAdmin 
2022-03-01 15:24:47.9063|0|INFO|SonicaWebAdmin.Startup|Время ответа(мс)[62] 
2022-03-01 15:25:07.3125|0|INFO|SonicaWebAdmin.Startup|Время ответа(мс)[10029] 
2022-03-01 15:26:27.3555|0|DEBUG|SonicaWebAdmin.Program|Запуск приложения 
2022-03-01 15:26:28.2216|0|INFO|Microsoft.Hosting.Lifetime|Now listening on: https://localhost:5001 
2022-03-01 15:26:28.2216|0|INFO|Microsoft.Hosting.Lifetime|Now listening on: http://localhost:5000 
2022-03-01 15:26:28.2216|0|INFO|Microsoft.Hosting.Lifetime|Application started. Press Ctrl+C to shut down. 
2022-03-01 15:26:28.2216|0|INFO|Microsoft.Hosting.Lifetime|Hosting environment: Development 
2022-03-01 15:26:28.2216|0|INFO|Microsoft.Hosting.Lifetime|Content root path: C:\Users\bla\source\repos\SonicaWebAdmin\SonicaWebAdmin 
2022-03-01 15:26:28.9317|0|INFO|SonicaWebAdmin.Startup|Время ответа(мс)[73] 
2022-03-01 15:26:32.9999|0|INFO|SonicaWebAdmin.Controllers.ValuesController|restart 
2022-03-01 15:26:33.0050|0|INFO|SonicaWebAdmin.Startup|Время ответа(мс)[32] 
